This is pdfTeX, Version 3.141592653-2.6-1.40.26 (TeX Live 2024) (preloaded format=pdflatex 2024.11.17)  28 FEB 2025 16:58
entering extended mode
 restricted \write18 enabled.
 file:line:error style messages enabled.
 %&-line parsing enabled.
**main
(./main.tex
LaTeX2e <2023-11-01> patch level 1
L3 programming layer <2024-02-20>
(./bioinfo.cls
Document Class: bioinfo 2003/02/08 0.1
(d:/app/2024/texmf-dist/tex/latex/base/inputenc.sty
Package: inputenc 2021/02/14 v1.3d Input encoding file
\inpenc@prehook=\toks17
\inpenc@posthook=\toks18
) (d:/app/2024/texmf-dist/tex/latex/crop/crop.sty
Package: crop 2017/11/19 1.10 crop marks (mf)
 (d:/app/2024/texmf-dist/tex/generic/iftex/ifluatex.sty
Package: ifluatex 2019/10/25 v1.5 ifluatex legacy package. Use iftex instead.
 (d:/app/2024/texmf-dist/tex/generic/iftex/iftex.sty
Package: iftex 2022/02/03 v1.0f TeX engine tests
))
\CROP@index=\count188
 (./color.sty
Package: color 1999/02/16 v1.0i Standard LaTeX Color (DPC)
 (d:/app/2024/texmf-dist/tex/latex/graphics-cfg/color.cfg
File: color.cfg 2016/01/02 v1.6 sample color configuration
)
Package color Info: Driver file: pdftex.def on input line 125.
 (d:/app/2024/texmf-dist/tex/latex/graphics-def/pdftex.def
File: pdftex.def 2022/09/22 v1.2b Graphics/color driver for pdftex
)) (d:/app/2024/texmf-dist/tex/latex/graphics/graphics.sty
Package: graphics 2022/03/10 v1.4e Standard LaTeX Graphics (DPC,SPQR)
 (d:/app/2024/texmf-dist/tex/latex/graphics/trig.sty
Package: trig 2021/08/11 v1.11 sin cos tan (DPC)
) (d:/app/2024/texmf-dist/tex/latex/graphics-cfg/graphics.cfg
File: graphics.cfg 2016/06/04 v1.11 sample graphics configuration
)
Package graphics Info: Driver file: pdftex.def on input line 107.
)
\CROP@offset=\count189
Package crop Info: Local config file crop.cfg used on input line 622.
 (d:/app/2024/texmf-dist/tex/xelatex/xetexconfig/crop.cfg)) (./graphicx.sty
Package: graphicx 1999/02/16 v1.0f Enhanced LaTeX Graphics (DPC,SPQR)
 (d:/app/2024/texmf-dist/tex/latex/graphics/keyval.sty
Package: keyval 2022/05/29 v1.15 key=value parser (DPC)
\KV@toks@=\toks19
)
\Gin@req@height=\dimen140
\Gin@req@width=\dimen141
) (d:/app/2024/texmf-dist/tex/latex/amsmath/amsmath.sty
Package: amsmath 2023/05/13 v2.17o AMS math features
\@mathmargin=\skip48

For additional information on amsmath, use the `?' option.
(d:/app/2024/texmf-dist/tex/latex/amsmath/amstext.sty
Package: amstext 2021/08/26 v2.01 AMS text
 (d:/app/2024/texmf-dist/tex/latex/amsmath/amsgen.sty
File: amsgen.sty 1999/11/30 v2.0 generic functions
\@emptytoks=\toks20
\ex@=\dimen142
)) (d:/app/2024/texmf-dist/tex/latex/amsmath/amsbsy.sty
Package: amsbsy 1999/11/29 v1.2d Bold Symbols
\pmbraise@=\dimen143
) (d:/app/2024/texmf-dist/tex/latex/amsmath/amsopn.sty
Package: amsopn 2022/04/08 v2.04 operator names
)
\inf@bad=\count190
LaTeX Info: Redefining \frac on input line 234.
\uproot@=\count191
\leftroot@=\count192
LaTeX Info: Redefining \overline on input line 399.
LaTeX Info: Redefining \colon on input line 410.
\classnum@=\count193
\DOTSCASE@=\count194
LaTeX Info: Redefining \ldots on input line 496.
LaTeX Info: Redefining \dots on input line 499.
LaTeX Info: Redefining \cdots on input line 620.
\Mathstrutbox@=\box51
\strutbox@=\box52
LaTeX Info: Redefining \big on input line 722.
LaTeX Info: Redefining \Big on input line 723.
LaTeX Info: Redefining \bigg on input line 724.
LaTeX Info: Redefining \Bigg on input line 725.
\big@size=\dimen144
LaTeX Font Info:    Redeclaring font encoding OML on input line 743.
LaTeX Font Info:    Redeclaring font encoding OMS on input line 744.
\macc@depth=\count195
LaTeX Info: Redefining \bmod on input line 905.
LaTeX Info: Redefining \pmod on input line 910.
LaTeX Info: Redefining \smash on input line 940.
LaTeX Info: Redefining \relbar on input line 970.
LaTeX Info: Redefining \Relbar on input line 971.
\c@MaxMatrixCols=\count196
\dotsspace@=\muskip16
\c@parentequation=\count197
\dspbrk@lvl=\count198
\tag@help=\toks21
\row@=\count199
\column@=\count266
\maxfields@=\count267
\andhelp@=\toks22
\eqnshift@=\dimen145
\alignsep@=\dimen146
\tagshift@=\dimen147
\tagwidth@=\dimen148
\totwidth@=\dimen149
\lineht@=\dimen150
\@envbody=\toks23
\multlinegap=\skip49
\multlinetaggap=\skip50
\mathdisplay@stack=\toks24
LaTeX Info: Redefining \[ on input line 2953.
LaTeX Info: Redefining \] on input line 2954.
) (./array.sty
Package: array 1998/05/13 v2.3m Tabular extension package (FMi)
\col@sep=\dimen151
\extrarowheight=\dimen152
\NC@list=\toks25
\extratabsurround=\skip51
\backup@length=\skip52
) (d:/app/2024/texmf-dist/tex/latex/amsfonts/amssymb.sty
Package: amssymb 2013/01/14 v3.01 AMS font symbols
 (d:/app/2024/texmf-dist/tex/latex/amsfonts/amsfonts.sty
Package: amsfonts 2013/01/14 v3.01 Basic AMSFonts support
\symAMSa=\mathgroup4
\symAMSb=\mathgroup5
LaTeX Font Info:    Redeclaring math symbol \hbar on input line 98.
LaTeX Font Info:    Overwriting math alphabet `\mathfrak' in version `bold'
(Font)                  U/euf/m/n --> U/euf/b/n on input line 106.
)) (./flushend.sty
Package: flushend 1997/10/01
\@aaa=\box53
\@ccc=\box54
\@viper=\box55
\hold@viper=\box56
\atColsBreak=\toks26
\@extra@skip=\dimen153
\@nd@page@rule=\dimen154
) (./stfloats.sty
Package: stfloats 1999/10/22
\@dblbotnum=\count268
\c@dblbotnumber=\count269
) (d:/app/2024/texmf-dist/tex/latex/amscls/amsthm.sty
Package: amsthm 2020/05/29 v2.20.6
\thm@style=\toks27
\thm@bodyfont=\toks28
\thm@headfont=\toks29
\thm@notefont=\toks30
\thm@headpunct=\toks31
\thm@preskip=\skip53
\thm@postskip=\skip54
\thm@headsep=\skip55
\dth@everypar=\toks32
) (./chngpage.sty
Package: chngpage 2001/01/31 v1.1b change page layout
\c@cp@cnt=\count270
\c@cp@tempcnt=\count271
) (d:/app/2024/texmf-dist/tex/latex/psnfss/times.sty
Package: times 2020/03/25 PSNFSS-v9.3 (SPQR) 
) (d:/app/2024/texmf-dist/tex/latex/base/fontenc.sty
Package: fontenc 2021/04/29 v2.0v Standard LaTeX package
 (d:/app/2024/texmf-dist/tex/latex/ly1/ly1enc.def
File: ly1enc.def 2022/06/11 v0.8 TeX 'n ANSI encoding (DPC/KB)
Now handling font encoding LY1 ...
... processing UTF-8 mapping file for font encoding LY1
 (d:/app/2024/texmf-dist/tex/latex/base/ly1enc.dfu
File: ly1enc.dfu 2022/06/07 v1.3c UTF-8 support
   defining Unicode char U+00A0 (decimal 160)
   defining Unicode char U+00A1 (decimal 161)
   defining Unicode char U+00A2 (decimal 162)
   defining Unicode char U+00A3 (decimal 163)
   defining Unicode char U+00A4 (decimal 164)
   defining Unicode char U+00A5 (decimal 165)
   defining Unicode char U+00A6 (decimal 166)
   defining Unicode char U+00A7 (decimal 167)
   defining Unicode char U+00AA (decimal 170)
   defining Unicode char U+00AB (decimal 171)
   defining Unicode char U+00AD (decimal 173)
   defining Unicode char U+00AE (decimal 174)
   defining Unicode char U+00B0 (decimal 176)
   defining Unicode char U+00B5 (decimal 181)
   defining Unicode char U+00B6 (decimal 182)
   defining Unicode char U+00B7 (decimal 183)
   defining Unicode char U+00BA (decimal 186)
   defining Unicode char U+00BB (decimal 187)
   defining Unicode char U+00BC (decimal 188)
   defining Unicode char U+00BD (decimal 189)
   defining Unicode char U+00BE (decimal 190)
   defining Unicode char U+00BF (decimal 191)
   defining Unicode char U+00C0 (decimal 192)
   defining Unicode char U+00C1 (decimal 193)
   defining Unicode char U+00C2 (decimal 194)
   defining Unicode char U+00C3 (decimal 195)
   defining Unicode char U+00C4 (decimal 196)
   defining Unicode char U+00C5 (decimal 197)
   defining Unicode char U+00C6 (decimal 198)
   defining Unicode char U+00C7 (decimal 199)
   defining Unicode char U+00C8 (decimal 200)
   defining Unicode char U+00C9 (decimal 201)
   defining Unicode char U+00CA (decimal 202)
   defining Unicode char U+00CB (decimal 203)
   defining Unicode char U+00CC (decimal 204)
   defining Unicode char U+00CD (decimal 205)
   defining Unicode char U+00CE (decimal 206)
   defining Unicode char U+00CF (decimal 207)
   defining Unicode char U+00D0 (decimal 208)
   defining Unicode char U+00D1 (decimal 209)
   defining Unicode char U+00D2 (decimal 210)
   defining Unicode char U+00D3 (decimal 211)
   defining Unicode char U+00D4 (decimal 212)
   defining Unicode char U+00D5 (decimal 213)
   defining Unicode char U+00D6 (decimal 214)
   defining Unicode char U+00D8 (decimal 216)
   defining Unicode char U+00D9 (decimal 217)
   defining Unicode char U+00DA (decimal 218)
   defining Unicode char U+00DB (decimal 219)
   defining Unicode char U+00DC (decimal 220)
   defining Unicode char U+00DD (decimal 221)
   defining Unicode char U+00DE (decimal 222)
   defining Unicode char U+00DF (decimal 223)
   defining Unicode char U+00E0 (decimal 224)
   defining Unicode char U+00E1 (decimal 225)
   defining Unicode char U+00E2 (decimal 226)
   defining Unicode char U+00E3 (decimal 227)
   defining Unicode char U+00E4 (decimal 228)
   defining Unicode char U+00E5 (decimal 229)
   defining Unicode char U+00E6 (decimal 230)
   defining Unicode char U+00E7 (decimal 231)
   defining Unicode char U+00E8 (decimal 232)
   defining Unicode char U+00E9 (decimal 233)
   defining Unicode char U+00EA (decimal 234)
   defining Unicode char U+00EB (decimal 235)
   defining Unicode char U+00EC (decimal 236)
   defining Unicode char U+00ED (decimal 237)
   defining Unicode char U+00EE (decimal 238)
   defining Unicode char U+00EF (decimal 239)
   defining Unicode char U+00F0 (decimal 240)
   defining Unicode char U+00F1 (decimal 241)
   defining Unicode char U+00F2 (decimal 242)
   defining Unicode char U+00F3 (decimal 243)
   defining Unicode char U+00F4 (decimal 244)
   defining Unicode char U+00F5 (decimal 245)
   defining Unicode char U+00F6 (decimal 246)
   defining Unicode char U+00F8 (decimal 248)
   defining Unicode char U+00F9 (decimal 249)
   defining Unicode char U+00FA (decimal 250)
   defining Unicode char U+00FB (decimal 251)
   defining Unicode char U+00FC (decimal 252)
   defining Unicode char U+00FD (decimal 253)
   defining Unicode char U+00FE (decimal 254)
   defining Unicode char U+00FF (decimal 255)
   defining Unicode char U+0131 (decimal 305)
   defining Unicode char U+0141 (decimal 321)
   defining Unicode char U+0142 (decimal 322)
   defining Unicode char U+0152 (decimal 338)
   defining Unicode char U+0153 (decimal 339)
   defining Unicode char U+0160 (decimal 352)
   defining Unicode char U+0161 (decimal 353)
   defining Unicode char U+0174 (decimal 372)
   defining Unicode char U+0175 (decimal 373)
   defining Unicode char U+0176 (decimal 374)
   defining Unicode char U+0177 (decimal 375)
   defining Unicode char U+0178 (decimal 376)
   defining Unicode char U+017D (decimal 381)
   defining Unicode char U+017E (decimal 382)
   defining Unicode char U+0192 (decimal 402)
   defining Unicode char U+0218 (decimal 536)
   defining Unicode char U+0219 (decimal 537)
   defining Unicode char U+021A (decimal 538)
   defining Unicode char U+021B (decimal 539)
   defining Unicode char U+0237 (decimal 567)
   defining Unicode char U+02C6 (decimal 710)
   defining Unicode char U+02DC (decimal 732)
   defining Unicode char U+2013 (decimal 8211)
   defining Unicode char U+2014 (decimal 8212)
   defining Unicode char U+201C (decimal 8220)
   defining Unicode char U+201D (decimal 8221)
   defining Unicode char U+2020 (decimal 8224)
   defining Unicode char U+2021 (decimal 8225)
   defining Unicode char U+2022 (decimal 8226)
   defining Unicode char U+2026 (decimal 8230)
   defining Unicode char U+2030 (decimal 8240)
   defining Unicode char U+2039 (decimal 8249)
   defining Unicode char U+203A (decimal 8250)
   defining Unicode char U+2122 (decimal 8482)
   defining Unicode char U+FB00 (decimal 64256)
   defining Unicode char U+FB01 (decimal 64257)
   defining Unicode char U+FB02 (decimal 64258)
   defining Unicode char U+FB03 (decimal 64259)
   defining Unicode char U+FB04 (decimal 64260)
   defining Unicode char U+FB05 (decimal 64261)
   defining Unicode char U+FB06 (decimal 64262)
))
LaTeX Font Info:    Trying to load font information for LY1+ptm on input line 112.
 (d:/app/2024/texmf-dist/tex/latex/ly1/ly1ptm.fd
File: ly1ptm.fd 2001/02/01 font definitions for LY1/ptm using Berry names.
))
\c@section=\count272
\c@subsection=\count273
\c@subsubsection=\count274
\c@paragraph=\count275
\c@subparagraph=\count276
\c@figure=\count277
\c@table=\count278
\dropfromtop=\skip56
\extraspace=\skip57
\aboveskipchk=\skip58
\abovecaptionskip=\skip59
\belowcaptionskip=\skip60
\rotdimen=\dimen155
\tempdime=\dimen156
\temptbox=\box57
 (./natbib.sty
Package: natbib 2000/07/24 7.0a (PWD)
\bibhang=\skip61
\bibsep=\skip62
LaTeX Info: Redefining \cite on input line 508.
\c@NAT@ctr=\count279
)) (d:/app/2024/texmf-dist/tex/latex/hyperref/hyperref.sty
Package: hyperref 2024-01-20 v7.01h Hypertext links for LaTeX
 (d:/app/2024/texmf-dist/tex/latex/kvsetkeys/kvsetkeys.sty
Package: kvsetkeys 2022-10-05 v1.19 Key value parser (HO)
) (d:/app/2024/texmf-dist/tex/generic/kvdefinekeys/kvdefinekeys.sty
Package: kvdefinekeys 2019-12-19 v1.6 Define keys (HO)
) (d:/app/2024/texmf-dist/tex/generic/pdfescape/pdfescape.sty
Package: pdfescape 2019/12/09 v1.15 Implements pdfTeX's escape features (HO)
 (d:/app/2024/texmf-dist/tex/generic/ltxcmds/ltxcmds.sty
Package: ltxcmds 2023-12-04 v1.26 LaTeX kernel commands for general use (HO)
) (d:/app/2024/texmf-dist/tex/generic/pdftexcmds/pdftexcmds.sty
Package: pdftexcmds 2020-06-27 v0.33 Utility functions of pdfTeX for LuaTeX (HO)
 (d:/app/2024/texmf-dist/tex/generic/infwarerr/infwarerr.sty
Package: infwarerr 2019/12/03 v1.5 Providing info/warning/error messages (HO)
)
Package pdftexcmds Info: \pdf@primitive is available.
Package pdftexcmds Info: \pdf@ifprimitive is available.
Package pdftexcmds Info: \pdfdraftmode found.
)) (d:/app/2024/texmf-dist/tex/latex/hycolor/hycolor.sty
Package: hycolor 2020-01-27 v1.10 Color options for hyperref/bookmark (HO)
) (d:/app/2024/texmf-dist/tex/latex/auxhook/auxhook.sty
Package: auxhook 2019-12-17 v1.6 Hooks for auxiliary files (HO)
) (d:/app/2024/texmf-dist/tex/latex/hyperref/nameref.sty
Package: nameref 2023-11-26 v2.56 Cross-referencing by name of section
 (d:/app/2024/texmf-dist/tex/latex/refcount/refcount.sty
Package: refcount 2019/12/15 v3.6 Data extraction from label references (HO)
) (d:/app/2024/texmf-dist/tex/generic/gettitlestring/gettitlestring.sty
Package: gettitlestring 2019/12/15 v1.6 Cleanup title references (HO)
 (d:/app/2024/texmf-dist/tex/latex/kvoptions/kvoptions.sty
Package: kvoptions 2022-06-15 v3.15 Key value format for package options (HO)
))
\c@section@level=\count280
) (d:/app/2024/texmf-dist/tex/latex/etoolbox/etoolbox.sty
Package: etoolbox 2020/10/05 v2.5k e-TeX tools for LaTeX (JAW)
\etb@tempcnta=\count281
)
\@linkdim=\dimen157
\Hy@linkcounter=\count282
\Hy@pagecounter=\count283
 (d:/app/2024/texmf-dist/tex/latex/hyperref/pd1enc.def
File: pd1enc.def 2024-01-20 v7.01h Hyperref: PDFDocEncoding definition (HO)
Now handling font encoding PD1 ...
... no UTF-8 mapping file for font encoding PD1
) (d:/app/2024/texmf-dist/tex/generic/intcalc/intcalc.sty
Package: intcalc 2019/12/15 v1.3 Expandable calculations with integers (HO)
)
\Hy@SavedSpaceFactor=\count284
 (d:/app/2024/texmf-dist/tex/latex/hyperref/puenc.def
File: puenc.def 2024-01-20 v7.01h Hyperref: PDF Unicode definition (HO)
Now handling font encoding PU ...
... no UTF-8 mapping file for font encoding PU
)
Package hyperref Info: Hyper figures OFF on input line 4179.
Package hyperref Info: Link nesting OFF on input line 4184.
Package hyperref Info: Hyper index ON on input line 4187.
Package hyperref Info: Plain pages OFF on input line 4194.
Package hyperref Info: Backreferencing OFF on input line 4199.
Package hyperref Info: Implicit mode ON; LaTeX internals redefined.
Package hyperref Info: Bookmarks ON on input line 4446.
LaTeX Info: Redefining \href on input line 4695.
\c@Hy@tempcnt=\count285
 (./url.sty
Package: url 1999/03/02  ver 1.4  Verb mode for urls, email addresses, and file names
)
LaTeX Info: Redefining \url on input line 4784.
\XeTeXLinkMargin=\dimen158
 (d:/app/2024/texmf-dist/tex/generic/bitset/bitset.sty
Package: bitset 2019/12/09 v1.3 Handle bit-vector datatype (HO)
 (d:/app/2024/texmf-dist/tex/generic/bigintcalc/bigintcalc.sty
Package: bigintcalc 2019/12/15 v1.5 Expandable calculations on big integers (HO)
))
\Fld@menulength=\count286
\Field@Width=\dimen159
\Fld@charsize=\dimen160
Package hyperref Info: Hyper figures OFF on input line 6063.
Package hyperref Info: Link nesting OFF on input line 6068.
Package hyperref Info: Hyper index ON on input line 6071.
Package hyperref Info: backreferencing OFF on input line 6078.
Package hyperref Info: Link coloring OFF on input line 6083.
Package hyperref Info: Link coloring with OCG OFF on input line 6088.
Package hyperref Info: PDF/A mode OFF on input line 6093.
 (d:/app/2024/texmf-dist/tex/latex/base/atbegshi-ltx.sty
Package: atbegshi-ltx 2021/01/10 v1.0c Emulation of the original atbegshi
package with kernel methods
)
\Hy@abspage=\count287
\c@Item=\count288
\c@Hfootnote=\count289
)
Package hyperref Info: Driver (autodetected): hpdftex.
 (d:/app/2024/texmf-dist/tex/latex/hyperref/hpdftex.def
File: hpdftex.def 2024-01-20 v7.01h Hyperref driver for pdfTeX
 (d:/app/2024/texmf-dist/tex/latex/base/atveryend-ltx.sty
Package: atveryend-ltx 2020/08/19 v1.0a Emulation of the original atveryend package
with kernel methods
)
\Fld@listcount=\count290
\c@bookmark@seq@number=\count291
 (d:/app/2024/texmf-dist/tex/latex/rerunfilecheck/rerunfilecheck.sty
Package: rerunfilecheck 2022-07-10 v1.10 Rerun checks for auxiliary files (HO)
 (d:/app/2024/texmf-dist/tex/generic/uniquecounter/uniquecounter.sty
Package: uniquecounter 2019/12/15 v1.4 Provide unlimited unique counter (HO)
)
Package uniquecounter Info: New unique counter `rerunfilecheck' on input line 285.
)
\Hy@SectionHShift=\skip63
) (d:/app/2024/texmf-dist/tex/latex/psnfss/pifont.sty
Package: pifont 2020/03/25 PSNFSS-v9.3 Pi font support (SPQR) 
LaTeX Font Info:    Trying to load font information for U+pzd on input line 63.
 (d:/app/2024/texmf-dist/tex/latex/psnfss/upzd.fd
File: upzd.fd 2001/06/04 font definitions for U/pzd.
)
LaTeX Font Info:    Trying to load font information for U+psy on input line 64.
 (d:/app/2024/texmf-dist/tex/latex/psnfss/upsy.fd
File: upsy.fd 2001/06/04 font definitions for U/psy.
)) (d:/app/2024/texmf-dist/tex/latex/subfigure/subfigure.sty
Package: subfigure 2002/03/15 v2.1.5 subfigure package


Package subfigure Warning: Your document class has a bad definition
 of \endfigure, most likely
 \let\endfigure=\end@float
 which has now been changed to
 \def\endfigure{\end@float}
 because otherwise subsequent changes to \end@float
 (like done by several packages changing float behaviour)
 can't take effect on \endfigure.
 Please complain to your document class author.

\subfigtopskip=\skip64
\subfigcapskip=\skip65
\subfigcaptopadj=\dimen161
\subfigbottomskip=\skip66
\subfigcapmargin=\dimen162
\subfiglabelskip=\skip67
\c@subfigure=\count292
\c@lofdepth=\count293
\c@subtable=\count294
\c@lotdepth=\count295
****************************************
* Local config file subfigure.cfg used *
****************************************
(d:/app/2024/texmf-dist/tex/latex/subfigure/subfigure.cfg)
\subfig@top=\skip68
\subfig@bottom=\skip69
) (d:/app/2024/texmf-dist/tex/latex/multirow/multirow.sty
Package: multirow 2021/03/15 v2.8 Span multiple rows of a table
\multirow@colwidth=\skip70
\multirow@cntb=\count296
\multirow@dima=\skip71
\bigstrutjot=\dimen163
) (d:/app/2024/texmf-dist/tex/latex/booktabs/booktabs.sty
Package: booktabs 2020/01/12 v1.61803398 Publication quality tables
\heavyrulewidth=\dimen164
\lightrulewidth=\dimen165
\cmidrulewidth=\dimen166
\belowrulesep=\dimen167
\belowbottomsep=\dimen168
\aboverulesep=\dimen169
\abovetopsep=\dimen170
\cmidrulesep=\dimen171
\cmidrulekern=\dimen172
\defaultaddspace=\dimen173
\@cmidla=\count297
\@cmidlb=\count298
\@aboverulesep=\dimen174
\@belowrulesep=\dimen175
\@thisruleclass=\count299
\@lastruleclass=\count300
\@thisrulewidth=\dimen176
) (./float.sty
Package: float 2001/11/08 v1.3d Float enhancements (AL)
\c@float@type=\count301
\float@exts=\toks33
\float@box=\box58
\@float@everytoks=\toks34
\@floatcapt=\box59
) (d:/app/2024/texmf-dist/tex/latex/epstopdf-pkg/epstopdf.sty
Package: epstopdf 2020-01-24 v2.11 Conversion with epstopdf on the fly (HO)
 (d:/app/2024/texmf-dist/tex/latex/grfext/grfext.sty
Package: grfext 2019/12/03 v1.3 Manage graphics extensions (HO)
) (d:/app/2024/texmf-dist/tex/latex/epstopdf-pkg/epstopdf-base.sty
Package: epstopdf-base 2020-01-24 v2.11 Base part for package epstopdf
Package epstopdf-base Info: Redefining graphics rule for `.eps' on input line 485.
Package grfext Info: Graphics extension search list:
(grfext)             [.pdf,.png,.jpg,.mps,.jpeg,.jbig2,.jb2,.PDF,.PNG,.JPG,.JPEG,.JBIG2,.JB2,.eps]
(grfext)             \AppendGraphicsExtensions on input line 504.
 (d:/app/2024/texmf-dist/tex/latex/latexconfig/epstopdf-sys.cfg
File: epstopdf-sys.cfg 2010/07/13 v1.3 Configuration of (r)epstopdf for TeX Live
))) (d:/app/2024/texmf-dist/tex/latex/tools/tabularx.sty
Package: tabularx 2023/07/08 v2.11c `tabularx' package (DPC)
\TX@col@width=\dimen177
\TX@old@table=\dimen178
\TX@old@col=\dimen179
\TX@target=\dimen180
\TX@delta=\dimen181
\TX@cols=\count302
\TX@ftn=\toks35
) (./caption.sty
Package: caption 1995/04/05 v1.4b caption package (HS)

Package: caption v1.4b <1995/04/05> (Harald Sommerfeldt)
\captionmargin=\skip72
         `subfigure' package detected
\as@captionbox=\box60
\as@captionwidth=\skip73
         `float' package detected
) (d:/app/2024/texmf-dist/tex/latex/tools/bm.sty
Package: bm 2023/07/08 v1.2f Bold Symbol Support (DPC/FMi)
\symboldoperators=\mathgroup6
\symboldletters=\mathgroup7
\symboldsymbols=\mathgroup8
Package bm Info: No bold for \OMX/cmex/m/n, using \pmb.
Package bm Info: No bold for \U/msa/m/n, using \pmb.
Package bm Info: No bold for \U/msb/m/n, using \pmb.
LaTeX Font Info:    Redeclaring math alphabet \mathbf on input line 149.
) (d:/app/2024/texmf-dist/tex/latex/mathtools/mathtools.sty
Package: mathtools 2024/03/11 v1.30 mathematical typesetting tools
 (d:/app/2024/texmf-dist/tex/latex/tools/calc.sty
Package: calc 2023/07/08 v4.3 Infix arithmetic (KKT,FJ)
\calc@Acount=\count303
\calc@Bcount=\count304
\calc@Adimen=\dimen182
\calc@Bdimen=\dimen183
\calc@Askip=\skip74
\calc@Bskip=\skip75
LaTeX Info: Redefining \setlength on input line 80.
LaTeX Info: Redefining \addtolength on input line 81.
\calc@Ccount=\count305
\calc@Cskip=\skip76
) (d:/app/2024/texmf-dist/tex/latex/mathtools/mhsetup.sty
Package: mhsetup 2021/03/18 v1.4 programming setup (MH)
)
\g_MT_multlinerow_int=\count306
\l_MT_multwidth_dim=\dimen184
\origjot=\skip77
\l_MT_shortvdotswithinadjustabove_dim=\dimen185
\l_MT_shortvdotswithinadjustbelow_dim=\dimen186
\l_MT_above_intertext_sep=\dimen187
\l_MT_below_intertext_sep=\dimen188
\l_MT_above_shortintertext_sep=\dimen189
\l_MT_below_shortintertext_sep=\dimen190
\xmathstrut@box=\box61
\xmathstrut@dim=\dimen191
) (d:/app/2024/texmf-dist/tex/latex/threeparttable/threeparttable.sty
Package: threeparttable 2003/06/13  v 3.0
\@tempboxb=\box62
) (d:/app/2024/texmf-dist/tex/latex/bbm-macros/bbm.sty
Package: bbm 1999/03/15 V 1.2 provides fonts for set symbols - TH
LaTeX Font Info:    Overwriting math alphabet `\mathbbm' in version `bold'
(Font)                  U/bbm/m/n --> U/bbm/bx/n on input line 33.
LaTeX Font Info:    Overwriting math alphabet `\mathbbmss' in version `bold'
(Font)                  U/bbmss/m/n --> U/bbmss/bx/n on input line 35.
) (d:/app/2024/texmf-dist/tex/latex/footmisc/footmisc.sty
Package: footmisc 2023/07/05 v6.0f a miscellany of footnote facilities
\FN@temptoken=\toks36
\footnotemargin=\dimen192
\@outputbox@depth=\dimen193
Package footmisc Info: Declaring symbol style bringhurst on input line 696.
Package footmisc Info: Declaring symbol style chicago on input line 704.
Package footmisc Info: Declaring symbol style wiley on input line 713.
Package footmisc Info: Declaring symbol style lamport-robust on input line 724.
Package footmisc Info: Declaring symbol style lamport* on input line 744.
Package footmisc Info: Declaring symbol style lamport*-robust on input line 765.
) (d:/app/2024/texmf-dist/tex/latex/l3backend/l3backend-pdftex.def
File: l3backend-pdftex.def 2024-02-20 L3 backend support: PDF output (pdfTeX)
\l__color_backend_stack_int=\count307
\l__pdf_internal_box=\box63
) (./main.aux)
\openout1 = `main.aux'.

LaTeX Font Info:    Checking defaults for OML/cmm/m/it on input line 27.
LaTeX Font Info:    ... okay on input line 27.
LaTeX Font Info:    Checking defaults for OMS/cmsy/m/n on input line 27.
LaTeX Font Info:    ... okay on input line 27.
LaTeX Font Info:    Checking defaults for OT1/cmr/m/n on input line 27.
LaTeX Font Info:    ... okay on input line 27.
LaTeX Font Info:    Checking defaults for T1/cmr/m/n on input line 27.
LaTeX Font Info:    ... okay on input line 27.
LaTeX Font Info:    Checking defaults for TS1/cmr/m/n on input line 27.
LaTeX Font Info:    ... okay on input line 27.
LaTeX Font Info:    Checking defaults for OMX/cmex/m/n on input line 27.
LaTeX Font Info:    ... okay on input line 27.
LaTeX Font Info:    Checking defaults for U/cmr/m/n on input line 27.
LaTeX Font Info:    ... okay on input line 27.
LaTeX Font Info:    Checking defaults for LY1/ptm/m/n on input line 27.
LaTeX Font Info:    ... okay on input line 27.
LaTeX Font Info:    Checking defaults for PD1/pdf/m/n on input line 27.
LaTeX Font Info:    ... okay on input line 27.
LaTeX Font Info:    Checking defaults for PU/pdf/m/n on input line 27.
LaTeX Font Info:    ... okay on input line 27.
 (d:/app/2024/texmf-dist/tex/context/base/mkii/supp-pdf.mkii
[Loading MPS to PDF converter (version 2006.09.02).]
\scratchcounter=\count308
\scratchdimen=\dimen194
\scratchbox=\box64
\nofMPsegments=\count309
\nofMParguments=\count310
\everyMPshowfont=\toks37
\MPscratchCnt=\count311
\MPscratchDim=\dimen195
\MPnumerator=\count312
\makeMPintoPDFobject=\count313
\everyMPtoPDFconversion=\toks38
)
Package crop Info: requested driver: `' on input line 27.
Package crop Info: detected driver: `pdftex' on input line 27.
Package crop Info: using `pdftex' graphics driver on input line 27.
Package hyperref Info: Link coloring OFF on input line 27.
 (./main.out) (./main.out)
\@outlinefile=\write3
\openout3 = `main.out'.

LaTeX Font Info:    Trying to load font information for LY1+phv on input line 30.
 (d:/app/2024/texmf-dist/tex/latex/ly1/ly1phv.fd
File: ly1phv.fd 2001/02/01 scalable font definitions for LY1/phv using Berry names.


LaTeX Info: Font shape LY1/phv/mc/n has incorrect series value `mc'.
            It should not contain an `m'! Please correct it.
            Found on input line 36.


LaTeX Info: Font shape LY1/phv/mc/sl has incorrect series value `mc'.
            It should not contain an `m'! Please correct it.
            Found on input line 40.


LaTeX Info: Font shape LY1/phv/mc/sc has incorrect series value `mc'.
            It should not contain an `m'! Please correct it.
            Found on input line 66.


LaTeX Info: Font shape LY1/phv/mc/it has incorrect series value `mc'.
            It should not contain an `m'! Please correct it.
            Found on input line 73.

)
Underfull \hbox (badness 1515) in paragraph at lines 31--37
\LY1/ptm/m/n/11 Circular non-coding RNA (circRNA) is closely associated
 []


Underfull \hbox (badness 4168) in paragraph at lines 31--37
\LY1/ptm/m/n/11 with various human diseases. Identifying disease-related
 []


Underfull \hbox (badness 2990) in paragraph at lines 31--37
\LY1/ptm/m/n/11 of diseases. Advanced prediction methods for circRNA-
 []


Underfull \hbox (badness 1286) in paragraph at lines 31--37
\LY1/ptm/m/n/11 such as graph convolutional networks and graph attention
 []


Underfull \hbox (badness 5970) in paragraph at lines 31--37
\LY1/ptm/m/n/11 a \LY1/ptm/b/n/11 m\LY1/ptm/m/n/11 ulti-scale neighbor topology-guided transformer and
 []


Underfull \hbox (badness 1616) in paragraph at lines 44--45
\LY1/ptm/m/n/11 network-based models to predict the associations between
 []


Underfull \vbox (badness 10000) has occurred while \output is active []


Underfull \hbox (badness 1360) in paragraph at lines 46--47
\LY1/ptm/m/n/11 between circRNAs and diseases through label propagation
 []


Underfull \hbox (badness 2573) in paragraph at lines 48--49
\LY1/ptm/m/n/11 on deep learning strategies, further enhancing prediction
 []

LaTeX Font Info:    Calculating math sizes for size <11> on input line 52.

LaTeX Font Warning: Font shape `OT1/cmr/m/n' in size <5.5> not available
(Font)              size <5> substituted on input line 52.


LaTeX Font Warning: Font shape `OML/cmm/m/it' in size <5.5> not available
(Font)              size <5> substituted on input line 52.


LaTeX Font Warning: Font shape `OMS/cmsy/m/n' in size <5.5> not available
(Font)              size <5> substituted on input line 52.

LaTeX Font Info:    Trying to load font information for U+msa on input line 52.
(d:/app/2024/texmf-dist/tex/latex/amsfonts/umsa.fd
File: umsa.fd 2013/01/14 v3.01 AMS symbols A
)
LaTeX Font Info:    Trying to load font information for U+msb on input line 52.
 (d:/app/2024/texmf-dist/tex/latex/amsfonts/umsb.fd
File: umsb.fd 2013/01/14 v3.01 AMS symbols B
)

LaTeX Font Warning: Font shape `OT1/cmr/bx/n' in size <5.5> not available
(Font)              size <5> substituted on input line 52.


LaTeX Font Warning: Font shape `OML/cmm/b/it' in size <5.5> not available
(Font)              size <5> substituted on input line 52.


LaTeX Font Warning: Font shape `OMS/cmsy/b/n' in size <5.5> not available
(Font)              size <5> substituted on input line 52.


Underfull \hbox (badness 1418) in paragraph at lines 53--54
\LY1/ptm/m/n/11 between node features while neglecting the topological
 []


Underfull \vbox (badness 10000) has occurred while \output is active []

LaTeX Font Info:    Font shape `LY1/phv/m/it' in size <10> not available
(Font)              Font shape `LY1/phv/m/sl' tried instead on input line 54.

Overfull \hbox (306.0pt too wide) has occurred while \output is active
[][] 
 []


Overfull \vbox (0.10002pt too high) has occurred while \output is active []

 [1{d:/app/2024/texmf-var/fonts/map/pdftex/updmap/pdftex.map}{d:/app/2024/texmf-dist/fonts/enc/dvips/ly1/texnansi.enc}

]

pdfTeX warning: pdflatex.exe (file ./fig/visio1.pdf): PDF inclusion: found PDF version <1.7>, but at most version <1.5> allowed
<fig/visio1.pdf, id=160, 1653.89893pt x 1158.84947pt>
File: fig/visio1.pdf Graphic file (type pdf)
<use fig/visio1.pdf>
Package pdftex.def Info: fig/visio1.pdf  used on input line 62.
(pdftex.def)             Requested size: 578.15999pt x 405.10828pt.

Underfull \vbox (badness 10000) has occurred while \output is active []



pdfTeX warning: pdflatex.exe (file ./fig/visio2.pdf): PDF inclusion: found PDF version <1.7>, but at most version <1.5> allowed
<fig/visio2.pdf, id=166, 902.77278pt x 583.21887pt>
File: fig/visio2.pdf Graphic file (type pdf)
<use fig/visio2.pdf>
Package pdftex.def Info: fig/visio2.pdf  used on input line 82.
(pdftex.def)             Requested size: 505.89pt x 326.82281pt.

LaTeX Warning: Reference `fig:visio2' on page 2 undefined on input line 91.


Underfull \hbox (badness 2644) in paragraph at lines 91--92
\LY1/ptm/m/n/11 We constructed a three-layer heterogeneous graph $\OMS/cmsy/m/n/10.95 G \OT1/cmr/m/n/10.95 =
 []

LaTeX Font Info:    Trying to load font information for U+bbm on input line 96.
(d:/app/2024/texmf-dist/tex/latex/bbm-macros/ubbm.fd
File: ubbm.fd 1999/03/15 V 1.2 Font definition for bbm font - TH
)

LaTeX Font Warning: Font shape `U/bbm/m/n' in size <5.5> not available
(Font)              size <5> substituted on input line 96.

LaTeX Font Info:    Font shape `LY1/phv/m/it' in size <8> not available
(Font)              Font shape `LY1/phv/m/sl' tried instead on input line 113.

Overfull \hbox (306.0pt too wide) has occurred while \output is active
[][] 
 []

[2]
Underfull \vbox (badness 10000) has occurred while \output is active []


Overfull \hbox (306.0pt too wide) has occurred while \output is active
[][] 
 []


Overfull \vbox (0.10002pt too high) has occurred while \output is active []

 [3
pdfTeX warning (ext4): destination with the same identifier (name{figure.1}) has been already used, duplicate ignored
<argument> ...shipout:D \box_use:N \l_shipout_box 
                                                  \__shipout_drop_firstpage_...
l.131 \begin{equation}
                       <./fig/visio1.pdf>]
Underfull \hbox (badness 2111) in paragraph at lines 137--138
[]\LY1/ptm/m/n/11 According to Eq.([]4[]), we can build neighbor topology
 []



pdfTeX warning: pdflatex.exe (file ./fig/visio3.pdf): PDF inclusion: found PDF version <1.7>, but at most version <1.5> allowed
<fig/visio3.pdf, id=272, 725.47035pt x 483.60674pt>
File: fig/visio3.pdf Graphic file (type pdf)
<use fig/visio3.pdf>
Package pdftex.def Info: fig/visio3.pdf  used on input line 146.
(pdftex.def)             Requested size: 289.07999pt x 192.70871pt.

Overfull \hbox (7.07999pt too wide) in paragraph at lines 146--146
 [][] 
 []


Underfull \hbox (badness 1365) in paragraph at lines 167--168
\LY1/ptm/m/n/11 and collaboratively participate in the processes of various
 []


Underfull \hbox (badness 2401) in paragraph at lines 167--168
\LY1/ptm/m/n/11 solely on the similarities between node features and do
 []


Overfull \hbox (306.0pt too wide) has occurred while \output is active
[][] 
 []

[4
pdfTeX warning (ext4): destination with the same identifier (name{figure.3}) has been already used, duplicate ignored
<argument> ...shipout:D \box_use:N \l_shipout_box 
                                                  \__shipout_drop_firstpage_...
l.184 \begin{equation}
                       <./fig/visio3.pdf>]
Underfull \hbox (badness 1810) in paragraph at lines 228--229
\LY1/ptm/m/n/11 weight parameters and activation functions with learnable
 []


Overfull \hbox (306.0pt too wide) has occurred while \output is active
[][] 
 []


Overfull \vbox (0.10002pt too high) has occurred while \output is active []

 [5]
Underfull \hbox (badness 1275) in paragraph at lines 301--302
\LY1/ptm/m/n/11 curve (AUC) [[]] and the area under the precision-recall
 []


Underfull \hbox (badness 1102) in paragraph at lines 307--308
\LY1/ptm/m/n/11 topology embedding based on adaptive random walk with
 []


Overfull \hbox (306.0pt too wide) has occurred while \output is active
[][] 
 []

[6]
Underfull \hbox (badness 1107) in paragraph at lines 309--310
\LY1/ptm/m/n/11 primarily because DMTT encodes the relationships among
 []


Overfull \hbox (3.74077pt too wide) in paragraph at lines 319--319
 []|\LY1/ptm/b/n/11 Average 
 []

LaTeX Font Info:    Trying to load font information for LY1+phb on input line 327.
LaTeX Font Info:    No file LY1phb.fd. on input line 327.

LaTeX Font Warning: Font shape `LY1/phb/m/n' undefined
(Font)              using `LY1/ptm/m/n' instead on input line 327.


LaTeX Font Warning: Font shape `LY1/phb/b/n' undefined
(Font)              using `LY1/phb/m/n' instead on input line 327.

<fig/roc_pr_split.png, id=367, 1734.48pt x 1300.86pt>
File: fig/roc_pr_split.png Graphic file (type png)
<use fig/roc_pr_split.png>
Package pdftex.def Info: fig/roc_pr_split.png  used on input line 339.
(pdftex.def)             Requested size: 578.15999pt x 433.61232pt.

Underfull \hbox (badness 5985) in paragraph at lines 364--365
\LY1/ptm/m/n/11 We compared MKCD with six advanced methods for
 []


Underfull \hbox (badness 4621) in paragraph at lines 366--367
[]\LY1/ptm/m/n/11 SGFCCDA: This model constructs a circRNA-disease
 []


Underfull \hbox (badness 2111) in paragraph at lines 368--369
[]\LY1/ptm/m/n/11 MLNGCF: In this model, various similarities between
 []


Underfull \hbox (badness 1210) in paragraph at lines 374--375
[]\LY1/ptm/m/n/11 GraphCDA: This approach constructs separate similarity
 []


Overfull \hbox (6.44096pt too wide) in paragraph at lines 376--377
[]\LY1/ptm/m/n/11 MPCLCDA: It automatically selects meta-paths for constructing
 []


LaTeX Warning: Reference `fig:roc_pr_split' on page 7 undefined on input line 378.


LaTeX Warning: Reference `fig:topK' on page 7 undefined on input line 382.

<fig/TopK_Recall.png, id=376, 971.3088pt x 583.9416pt>
File: fig/TopK_Recall.png Graphic file (type png)
<use fig/TopK_Recall.png>
Package pdftex.def Info: fig/TopK_Recall.png  used on input line 388.
(pdftex.def)             Requested size: 469.75499pt x 282.41832pt.

Underfull \hbox (badness 4505) in paragraph at lines 393--394
[]\LY1/ptm/m/n/11 We conducted case studies on glioma, systemic lupus
 []


Overfull \hbox (306.0pt too wide) has occurred while \output is active
[][] 
 []


Overfull \vbox (0.10002pt too high) has occurred while \output is active []

 [7
pdfTeX warning (ext4): destination with the same identifier (name{table.1}) has been already used, duplicate ignored
<argument> ...shipout:D \box_use:N \l_shipout_box 
                                                  \__shipout_drop_firstpage_...
l.394 
      ]
Underfull \hbox (badness 1442) in paragraph at lines 494--495
\LY1/ptm/m/n/11 This paper introduces a novel approach for encoding the
 []


Underfull \hbox (badness 2529) in paragraph at lines 494--495
\LY1/ptm/m/n/11 relationships among circRNA, miRNA, and disease node
 []


Overfull \hbox (306.0pt too wide) has occurred while \output is active
[][] 
 []

[8
pdfTeX warning (ext4): destination with the same identifier (name{table.2}) has been already used, duplicate ignored
<argument> ...shipout:D \box_use:N \l_shipout_box 
                                                  \__shipout_drop_firstpage_...
l.530 \bibitem{lan2023benchmarking}
                                   ]
Underfull \hbox (badness 6461) in paragraph at lines 531--533
[]\LY1/ptm/m/n/11 Lan W, Dong Y, Zhang H, et al. Benchmarking
 []


Underfull \hbox (badness 1062) in paragraph at lines 531--533
\LY1/ptm/m/n/11 of computational methods for predicting circRNA-disease
 []


Underfull \hbox (badness 3861) in paragraph at lines 531--533
\LY1/ptm/m/n/11 associations. Briefings in Bioinformatics, 2023, 24(1):
 []


Underfull \hbox (badness 1067) in paragraph at lines 534--536
\LY1/ptm/m/n/11 based on autoencoder and graph embedding. Information
 []


Underfull \hbox (badness 1484) in paragraph at lines 537--539
\LY1/ptm/m/n/11 associations using KATZ model based on heterogeneous
 []


Underfull \hbox (badness 2073) in paragraph at lines 540--542
\LY1/ptm/m/n/11 for predicting circRNA-disease associations. International
 []


Underfull \vbox (badness 10000) has occurred while \output is active []


Underfull \hbox (badness 3701) in paragraph at lines 546--548
\LY1/ptm/m/n/11 circrna-disease associations. IEEE/ACM Transactions on
 []


Underfull \hbox (badness 1590) in paragraph at lines 549--551
[]\LY1/ptm/m/n/11 Lei X, Bian C. Integrating random walk with restart
 []


Underfull \hbox (badness 1215) in paragraph at lines 555--557
\LY1/ptm/m/n/11 association prediction. Briefings in Bioinformatics, 2022,
 []


Underfull \hbox (badness 2875) in paragraph at lines 558--560
\LY1/ptm/m/n/11 multiple biological data fusion. International journal of
 []


Underfull \vbox (badness 10000) has occurred while \output is active []


Overfull \hbox (306.0pt too wide) has occurred while \output is active
[][] 
 []

[9
pdfTeX warning (ext4): destination with the same identifier (name{table.3}) has been already used, duplicate ignored
<argument> ...shipout:D \box_use:N \l_shipout_box 
                                                  \__shipout_drop_firstpage_...
l.560 \bibitem{deepthi2021inferring}
                                    
pdfTeX warning (ext4): destination with the same identifier (name{table.4}) has been already used, duplicate ignored
<argument> ...shipout:D \box_use:N \l_shipout_box 
                                                  \__shipout_drop_firstpage_...
l.560 \bibitem{deepthi2021inferring}
                                    
pdfTeX warning (ext4): destination with the same identifier (name{table.5}) has been already used, duplicate ignored
<argument> ...shipout:D \box_use:N \l_shipout_box 
                                                  \__shipout_drop_firstpage_...
l.560 \bibitem{deepthi2021inferring}
                                    ]
Underfull \hbox (badness 10000) in paragraph at lines 561--563
\LY1/ptm/m/n/11 associations via deep autoencoder-based classification.
 []


Underfull \hbox (badness 2922) in paragraph at lines 564--566
\LY1/ptm/m/n/11 matrix factorization and label propagation. Briefings in
 []


Underfull \hbox (badness 1484) in paragraph at lines 573--575
[]\LY1/ptm/m/n/11 Wang L, You Z H, Huang Y A, et al. An efficient
 []


Underfull \hbox (badness 2495) in paragraph at lines 573--575
\LY1/ptm/m/n/11 approach based on multi-sources information to predict
 []


Underfull \hbox (badness 10000) in paragraph at lines 576--578
\LY1/ptm/m/n/11 association prediction by sequence and ontology
 []


Underfull \hbox (badness 4739) in paragraph at lines 576--578
\LY1/ptm/m/n/11 representations with convolutional and recurrent neural
 []


Underfull \hbox (badness 1509) in paragraph at lines 585--587
[]\LY1/ptm/m/n/11 Liu W, Tang T, Lu X, et al. MPCLCDA: predicting
 []


Underfull \hbox (badness 1609) in paragraph at lines 594--596
[]\LY1/ptm/m/n/11 Dai Q, Liu Z, Wang Z, et al. GraphCDA: a hybrid
 []


Underfull \hbox (badness 3219) in paragraph at lines 600--602
\LY1/ptm/m/n/11 graph attention network for lncRNA-disease association
 []


Underfull \hbox (badness 2165) in paragraph at lines 603--605
\LY1/ptm/m/n/11 curated database of associations between circRNAs and
 []


Underfull \vbox (badness 10000) has occurred while \output is active []


Underfull \hbox (badness 2980) in paragraph at lines 606--608
[]\LY1/ptm/m/n/11 Rophina M, Sharma D, Poojary M, \LY1/ptm/m/it/11 et al. \LY1/ptm/m/n/11 CircAD:
 []


Underfull \hbox (badness 10000) in paragraph at lines 606--608
\LY1/ptm/m/n/11 a comprehensive database for differentially expressed
 []


Underfull \hbox (badness 10000) in paragraph at lines 606--608
\LY1/ptm/m/n/11 circRNAs associated with various diseases. \LY1/ptm/m/it/11 Database
 []


Underfull \hbox (badness 1281) in paragraph at lines 612--614
[]\LY1/ptm/m/n/11 Wang D, Wang J, Lu M, \LY1/ptm/m/it/11 et al. \LY1/ptm/m/n/11 Inferring the human
 []


Underfull \hbox (badness 3657) in paragraph at lines 612--614
\LY1/ptm/m/n/11 microRNA functional similarity and functional network
 []


Underfull \hbox (badness 5064) in paragraph at lines 612--614
\LY1/ptm/m/n/11 based on microRNA-associated diseases. \LY1/ptm/m/it/11 Bioinformatics
 []


Underfull \hbox (badness 1048) in paragraph at lines 615--617
[]\LY1/ptm/m/n/11 Chen X, Clarence Yan C, Luo C, \LY1/ptm/m/it/11 et al. \LY1/ptm/m/n/11 Constructing
 []


Underfull \hbox (badness 1057) in paragraph at lines 615--617
\LY1/ptm/m/n/11 lncRNA functional similarity network based on lncRNA-
 []


Underfull \hbox (badness 2293) in paragraph at lines 625--627
[]\LY1/ptm/m/n/11 Saito T, Rehmsmeier M. The precision-recall plot is
 []


Underfull \hbox (badness 4156) in paragraph at lines 634--636
[]\LY1/ptm/m/n/11 Borchers A T, Naguwa S M, Shoenfeld Y, et al.
 []


Underfull \hbox (badness 3815) in paragraph at lines 634--636
\LY1/ptm/m/n/11 The geoepidemiology of systemic lupus erythematosus.
 []


Underfull \hbox (badness 1292) in paragraph at lines 655--656
\LY1/ptm/m/n/11 RNA MMP9 (circMMP9) acts as a sponge of miR-124
 []


Overfull \hbox (306.0pt too wide) has occurred while \output is active
[][] 
 []

[10]
Underfull \vbox (badness 10000) has occurred while \output is active []

Extra height:10.0pt when 31.75pt

Underfull \vbox (badness 10000) has occurred while \output is active []

Extra height:10.0pt when 32.75pt

Underfull \vbox (badness 10000) has occurred while \output is active []

Extra height:10.0pt when 33.75pt

Underfull \vbox (badness 10000) has occurred while \output is active []

Extra height:0.0pt when 34.75pt

Underfull \vbox (badness 10000) has occurred while \output is active []

(2)Left:34.75pt Right:34.5pt Output:34.75pt
- LAST -
Extra skip:0.0pt
Left:34.75pt
Right:34.5pt
Output:34.75pt

Underfull \vbox (badness 10000) has occurred while \output is active []


Overfull \hbox (306.0pt too wide) has occurred while \output is active
[][] 
 []


Overfull \vbox (0.10002pt too high) has occurred while \output is active []

 [11

] (./main.aux)
 ***********
LaTeX2e <2023-11-01> patch level 1
L3 programming layer <2024-02-20>
 ***********


LaTeX Font Warning: Size substitutions with differences
(Font)              up to 0.5pt have occurred.


LaTeX Font Warning: Some font shapes were not available, defaults substituted.


LaTeX Warning: There were undefined references.

Package rerunfilecheck Info: File `main.out' has not changed.
(rerunfilecheck)             Checksum: FDFE060486062AD9DAABA016C14E72F5;4912.
 ) 
Here is how much of TeX's memory you used:
 12693 strings out of 476023
 192061 string characters out of 5792137
 1971190 words of memory out of 5000000
 34456 multiletter control sequences out of 15000+600000
 587373 words of font info for 91 fonts, out of 8000000 for 9000
 40 hyphenation exceptions out of 8191
 75i,15n,79p,1619b,673s stack positions out of 10000i,1000n,20000p,200000b,200000s
 <c:/Users/71949/.texlive2024/texmf-var/fonts/pk/ljfour/public/bbm/bbm10.657pk><d:/app/2024/texmf-dist/fonts/type1/public/amsfonts/cm/cmex10.pfb><d:/app/2024/texmf-dist/fonts/type1/public/amsfonts/cm/cmmi10.pfb><d:/app/2024/texmf-dist/fonts/type1/public/amsfonts/cm/cmmi5.pfb><d:/app/2024/texmf-dist/fonts/type1/public/amsfonts/cm/cmmi8.pfb><d:/app/2024/texmf-dist/fonts/type1/public/amsfonts/cm/cmr10.pfb><d:/app/2024/texmf-dist/fonts/type1/public/amsfonts/cm/cmr5.pfb><d:/app/2024/texmf-dist/fonts/type1/public/amsfonts/cm/cmr8.pfb><d:/app/2024/texmf-dist/fonts/type1/public/amsfonts/cm/cmsy10.pfb><d:/app/2024/texmf-dist/fonts/type1/public/amsfonts/cm/cmsy5.pfb><d:/app/2024/texmf-dist/fonts/type1/public/amsfonts/cm/cmsy7.pfb><d:/app/2024/texmf-dist/fonts/type1/public/amsfonts/cm/cmsy8.pfb><d:/app/2024/texmf-dist/fonts/type1/public/amsfonts/symbols/msam10.pfb><d:/app/2024/texmf-dist/fonts/type1/public/amsfonts/symbols/msbm10.pfb><d:/app/2024/texmf-dist/fonts/type1/urw/helvetic/uhvb8a.pfb><d:/app/2024/texmf-dist/fonts/type1/urw/helvetic/uhvr8a.pfb><d:/app/2024/texmf-dist/fonts/type1/urw/times/utmb8a.pfb><d:/app/2024/texmf-dist/fonts/type1/urw/times/utmr8a.pfb><d:/app/2024/texmf-dist/fonts/type1/urw/times/utmri8a.pfb><d:/app/2024/texmf-dist/fonts/type1/urw/zapfding/uzdr.pfb>
Output written on main.pdf (11 pages, 495475 bytes).
PDF statistics:
 545 PDF objects out of 1000 (max. 8388607)
 417 compressed objects within 5 object streams
 115 named destinations out of 1000 (max. 500000)
 194 words of extra memory for PDF output out of 10000 (max. 10000000)

