This is pdfTeX, Version 3.141592653-2.6-1.40.26 (TeX Live 2024) (preloaded format=pdflatex 2024.11.17)  30 JUN 2025 14:23
entering extended mode
 restricted \write18 enabled.
 file:line:error style messages enabled.
 %&-line parsing enabled.
**main
(./main.tex
LaTeX2e <2023-11-01> patch level 1
L3 programming layer <2024-02-20>
(./ieeecolor.cls

LaTeX Warning: You have requested document class `ieeecolor',
               but the document class provides `IEEEtran'.

Document Class: IEEEtran 2002/11/18 revision V1.6b by Michael Shell
-- See the "IEEEtran_HOWTO" manual for usage information.
-- The source comments contain changelog notes.
(d:/app/2024/texmf-dist/tex/latex/graphics/color.sty
Package: color 2022/01/06 v1.3d Standard LaTeX Color (DPC)
 (d:/app/2024/texmf-dist/tex/latex/graphics-cfg/color.cfg
File: color.cfg 2016/01/02 v1.6 sample color configuration
)
Package color Info: Driver file: pdftex.def on input line 149.
 (d:/app/2024/texmf-dist/tex/latex/graphics-def/pdftex.def
File: pdftex.def 2022/09/22 v1.2b Graphics/color driver for pdftex
) (d:/app/2024/texmf-dist/tex/latex/graphics/mathcolor.ltx))
\@draftversionrule=\dimen140
\@IEEEtrantmpdimenA=\dimen141
\@IEEEtrantmpdimenB=\dimen142
\@IEEEtrantmpcountA=\count188
\@IEEEtrantmpcountB=\count189
\@IEEEtrantmptoksA=\toks17
LaTeX Font Info:    Trying to load font information for OT1+ptm on input line 834.
 (d:/app/2024/texmf-dist/tex/latex/psnfss/ot1ptm.fd
File: ot1ptm.fd 2001/06/04 font definitions for OT1/ptm.
)
\@IEEEnormalsizefontbaselineskip=\skip48

-- This is a 10 point document.
\normalsizebaselineskip=\skip49
\normaljot=\skip50
LaTeX Font Info:    Font shape `OT1/ptm/bx/n' in size <5> not available
(Font)              Font shape `OT1/ptm/b/n' tried instead on input line 1180.
LaTeX Font Info:    Font shape `OT1/ptm/bx/it' in size <5> not available
(Font)              Font shape `OT1/ptm/b/it' tried instead on input line 1180.
LaTeX Font Info:    Font shape `OT1/ptm/bx/n' in size <7> not available
(Font)              Font shape `OT1/ptm/b/n' tried instead on input line 1180.
LaTeX Font Info:    Font shape `OT1/ptm/bx/it' in size <7> not available
(Font)              Font shape `OT1/ptm/b/it' tried instead on input line 1180.
LaTeX Font Info:    Font shape `OT1/ptm/bx/n' in size <8> not available
(Font)              Font shape `OT1/ptm/b/n' tried instead on input line 1180.
LaTeX Font Info:    Font shape `OT1/ptm/bx/it' in size <8> not available
(Font)              Font shape `OT1/ptm/b/it' tried instead on input line 1180.
LaTeX Font Info:    Font shape `OT1/ptm/bx/n' in size <9> not available
(Font)              Font shape `OT1/ptm/b/n' tried instead on input line 1180.
LaTeX Font Info:    Font shape `OT1/ptm/bx/it' in size <9> not available
(Font)              Font shape `OT1/ptm/b/it' tried instead on input line 1180.
LaTeX Font Info:    Font shape `OT1/ptm/bx/n' in size <10> not available
(Font)              Font shape `OT1/ptm/b/n' tried instead on input line 1180.
LaTeX Font Info:    Font shape `OT1/ptm/bx/it' in size <10> not available
(Font)              Font shape `OT1/ptm/b/it' tried instead on input line 1180.
LaTeX Font Info:    Font shape `OT1/ptm/bx/n' in size <11> not available
(Font)              Font shape `OT1/ptm/b/n' tried instead on input line 1180.
LaTeX Font Info:    Font shape `OT1/ptm/bx/it' in size <11> not available
(Font)              Font shape `OT1/ptm/b/it' tried instead on input line 1180.
LaTeX Font Info:    Font shape `OT1/ptm/bx/n' in size <12> not available
(Font)              Font shape `OT1/ptm/b/n' tried instead on input line 1180.
LaTeX Font Info:    Font shape `OT1/ptm/bx/it' in size <12> not available
(Font)              Font shape `OT1/ptm/b/it' tried instead on input line 1180.
LaTeX Font Info:    Font shape `OT1/ptm/bx/n' in size <17> not available
(Font)              Font shape `OT1/ptm/b/n' tried instead on input line 1180.
LaTeX Font Info:    Font shape `OT1/ptm/bx/it' in size <17> not available
(Font)              Font shape `OT1/ptm/b/it' tried instead on input line 1180.
LaTeX Font Info:    Font shape `OT1/ptm/bx/n' in size <20> not available
(Font)              Font shape `OT1/ptm/b/n' tried instead on input line 1180.
LaTeX Font Info:    Font shape `OT1/ptm/bx/it' in size <20> not available
(Font)              Font shape `OT1/ptm/b/it' tried instead on input line 1180.
LaTeX Font Info:    Font shape `OT1/ptm/bx/n' in size <24> not available
(Font)              Font shape `OT1/ptm/b/n' tried instead on input line 1180.
LaTeX Font Info:    Font shape `OT1/ptm/bx/it' in size <24> not available
(Font)              Font shape `OT1/ptm/b/it' tried instead on input line 1180.
\IEEEilabelindentA=\dimen143
\IEEEilabelindentB=\dimen144
\IEEEilabelindent=\dimen145
\IEEEelabelindent=\dimen146
\IEEEdlabelindent=\dimen147
\labelindent=\dimen148
\IEEEiednormlabelsep=\dimen149
\IEEEiedmathlabelsep=\dimen150
\IEEEiedtopsep=\skip51
\c@section=\count190
\c@subsection=\count191
\c@subsubsection=\count192
\c@paragraph=\count193
\c@IEEEsubequation=\count194
\abovecaptionskip=\skip52
\belowcaptionskip=\skip53
\figbox=\box51
\c@figure=\count195
\c@query=\count196
\c@qry=\count197
\c@nquery=\count198
\c@tquery=\count199
\c@equery=\count266
\c@eqry=\count267
\c@edquery=\count268
\c@etquery=\count269
\c@table=\count270
\@IEEEeqnnumcols=\count271
\@IEEEeqncolcnt=\count272
\firstpagerule=\skip54
\logowidth=\skip55
\@IEEEtmpitemindent=\dimen151
\c@biography=\count273
\c@edbiography=\count274
LaTeX Info: Redefining \sf on input line 4869.
\@IEEEtranrubishbin=\box52
) (d:/app/2024/texmf-dist/tex/latex/cite/cite.sty
LaTeX Info: Redefining \cite on input line 302.
LaTeX Info: Redefining \nocite on input line 332.
Package: cite 2015/02/27  v 5.5
) (./generic.sty) (d:/app/2024/texmf-dist/tex/latex/tools/bm.sty
Package: bm 2023/07/08 v1.2f Bold Symbol Support (DPC/FMi)
\symboldoperators=\mathgroup4
\symboldletters=\mathgroup5
\symboldsymbols=\mathgroup6
Package bm Info: No bold for \OMX/cmex/m/n, using \pmb.
LaTeX Font Info:    Redeclaring math alphabet \mathbf on input line 149.
) (d:/app/2024/texmf-dist/tex/latex/psnfss/pifont.sty
Package: pifont 2020/03/25 PSNFSS-v9.3 Pi font support (SPQR) 
LaTeX Font Info:    Trying to load font information for U+pzd on input line 63.
 (d:/app/2024/texmf-dist/tex/latex/psnfss/upzd.fd
File: upzd.fd 2001/06/04 font definitions for U/pzd.
)
LaTeX Font Info:    Trying to load font information for U+psy on input line 64.
 (d:/app/2024/texmf-dist/tex/latex/psnfss/upsy.fd
File: upsy.fd 2001/06/04 font definitions for U/psy.
)) (d:/app/2024/texmf-dist/tex/latex/multirow/multirow.sty
Package: multirow 2021/03/15 v2.8 Span multiple rows of a table
\multirow@colwidth=\skip56
\multirow@cntb=\count275
\multirow@dima=\skip57
\bigstrutjot=\dimen152
) (d:/app/2024/texmf-dist/tex/latex/booktabs/booktabs.sty
Package: booktabs 2020/01/12 v1.61803398 Publication quality tables
\heavyrulewidth=\dimen153
\lightrulewidth=\dimen154
\cmidrulewidth=\dimen155
\belowrulesep=\dimen156
\belowbottomsep=\dimen157
\aboverulesep=\dimen158
\abovetopsep=\dimen159
\cmidrulesep=\dimen160
\cmidrulekern=\dimen161
\defaultaddspace=\dimen162
\@cmidla=\count276
\@cmidlb=\count277
\@aboverulesep=\dimen163
\@belowrulesep=\dimen164
\@thisruleclass=\count278
\@lastruleclass=\count279
\@thisrulewidth=\dimen165
) (d:/app/2024/texmf-dist/tex/latex/tools/array.sty
Package: array 2023/10/16 v2.5g Tabular extension package (FMi)
\col@sep=\dimen166
\ar@mcellbox=\box53
\extrarowheight=\dimen167
\NC@list=\toks18
\extratabsurround=\skip58
\backup@length=\skip59
\ar@cellbox=\box54
) (d:/app/2024/texmf-dist/tex/latex/threeparttable/threeparttable.sty
Package: threeparttable 2003/06/13  v 3.0
\@tempboxb=\box55
) (d:/app/2024/texmf-dist/tex/latex/amsmath/amsmath.sty
Package: amsmath 2023/05/13 v2.17o AMS math features
\@mathmargin=\skip60

For additional information on amsmath, use the `?' option.
(d:/app/2024/texmf-dist/tex/latex/amsmath/amstext.sty
Package: amstext 2021/08/26 v2.01 AMS text
 (d:/app/2024/texmf-dist/tex/latex/amsmath/amsgen.sty
File: amsgen.sty 1999/11/30 v2.0 generic functions
\@emptytoks=\toks19
\ex@=\dimen168
)) (d:/app/2024/texmf-dist/tex/latex/amsmath/amsbsy.sty
Package: amsbsy 1999/11/29 v1.2d Bold Symbols
LaTeX Info: Redefining \boldsymbol on input line 28.
\pmbraise@=\dimen169
) (d:/app/2024/texmf-dist/tex/latex/amsmath/amsopn.sty
Package: amsopn 2022/04/08 v2.04 operator names
)
\inf@bad=\count280
LaTeX Info: Redefining \frac on input line 234.
\uproot@=\count281
\leftroot@=\count282
LaTeX Info: Redefining \overline on input line 399.
LaTeX Info: Redefining \colon on input line 410.
\classnum@=\count283
\DOTSCASE@=\count284
LaTeX Info: Redefining \ldots on input line 496.
LaTeX Info: Redefining \dots on input line 499.
LaTeX Info: Redefining \cdots on input line 620.
\Mathstrutbox@=\box56
\strutbox@=\box57
LaTeX Info: Redefining \big on input line 722.
LaTeX Info: Redefining \Big on input line 723.
LaTeX Info: Redefining \bigg on input line 724.
LaTeX Info: Redefining \Bigg on input line 725.
\big@size=\dimen170
LaTeX Font Info:    Redeclaring font encoding OML on input line 743.
LaTeX Font Info:    Redeclaring font encoding OMS on input line 744.
\macc@depth=\count285
LaTeX Info: Redefining \bmod on input line 905.
LaTeX Info: Redefining \pmod on input line 910.
LaTeX Info: Redefining \smash on input line 940.
LaTeX Info: Redefining \relbar on input line 970.
LaTeX Info: Redefining \Relbar on input line 971.
\c@MaxMatrixCols=\count286
\dotsspace@=\muskip16
\c@parentequation=\count287
\dspbrk@lvl=\count288
\tag@help=\toks20
\row@=\count289
\column@=\count290
\maxfields@=\count291
\andhelp@=\toks21
\eqnshift@=\dimen171
\alignsep@=\dimen172
\tagshift@=\dimen173
\tagwidth@=\dimen174
\totwidth@=\dimen175
\lineht@=\dimen176
\@envbody=\toks22
\multlinegap=\skip61
\multlinetaggap=\skip62
\mathdisplay@stack=\toks23
LaTeX Info: Redefining \[ on input line 2953.
LaTeX Info: Redefining \] on input line 2954.
) (d:/app/2024/texmf-dist/tex/latex/amsfonts/amssymb.sty
Package: amssymb 2013/01/14 v3.01 AMS font symbols
 (d:/app/2024/texmf-dist/tex/latex/amsfonts/amsfonts.sty
Package: amsfonts 2013/01/14 v3.01 Basic AMSFonts support
\symAMSa=\mathgroup7
\symAMSb=\mathgroup8
LaTeX Font Info:    Redeclaring math symbol \hbar on input line 98.
LaTeX Font Info:    Overwriting math alphabet `\mathfrak' in version `bold'
(Font)                  U/euf/m/n --> U/euf/b/n on input line 106.
)) (d:/app/2024/texmf-dist/tex/latex/graphics/graphicx.sty
Package: graphicx 2021/09/16 v1.2d Enhanced LaTeX Graphics (DPC,SPQR)
 (d:/app/2024/texmf-dist/tex/latex/graphics/keyval.sty
Package: keyval 2022/05/29 v1.15 key=value parser (DPC)
\KV@toks@=\toks24
) (d:/app/2024/texmf-dist/tex/latex/graphics/graphics.sty
Package: graphics 2022/03/10 v1.4e Standard LaTeX Graphics (DPC,SPQR)
 (d:/app/2024/texmf-dist/tex/latex/graphics/trig.sty
Package: trig 2021/08/11 v1.11 sin cos tan (DPC)
) (d:/app/2024/texmf-dist/tex/latex/graphics-cfg/graphics.cfg
File: graphics.cfg 2016/06/04 v1.11 sample graphics configuration
)
Package graphics Info: Driver file: pdftex.def on input line 107.
)
\Gin@req@height=\dimen177
\Gin@req@width=\dimen178
) (d:/app/2024/texmf-dist/tex/latex/base/textcomp.sty
Package: textcomp 2020/02/02 v2.0n Standard LaTeX package
) (d:/app/2024/texmf-dist/tex/latex/mathtools/mathtools.sty
Package: mathtools 2024/03/11 v1.30 mathematical typesetting tools
 (d:/app/2024/texmf-dist/tex/latex/tools/calc.sty
Package: calc 2023/07/08 v4.3 Infix arithmetic (KKT,FJ)
\calc@Acount=\count292
\calc@Bcount=\count293
\calc@Adimen=\dimen179
\calc@Bdimen=\dimen180
\calc@Askip=\skip63
\calc@Bskip=\skip64
LaTeX Info: Redefining \setlength on input line 80.
LaTeX Info: Redefining \addtolength on input line 81.
\calc@Ccount=\count294
\calc@Cskip=\skip65
) (d:/app/2024/texmf-dist/tex/latex/mathtools/mhsetup.sty
Package: mhsetup 2021/03/18 v1.4 programming setup (MH)
)
\g_MT_multlinerow_int=\count295
\l_MT_multwidth_dim=\dimen181
\origjot=\skip66
\l_MT_shortvdotswithinadjustabove_dim=\dimen182
\l_MT_shortvdotswithinadjustbelow_dim=\dimen183
\l_MT_above_intertext_sep=\dimen184
\l_MT_below_intertext_sep=\dimen185
\l_MT_above_shortintertext_sep=\dimen186
\l_MT_below_shortintertext_sep=\dimen187
\xmathstrut@box=\box58
\xmathstrut@dim=\dimen188
) (d:/app/2024/texmf-dist/tex/latex/float/float.sty
Package: float 2001/11/08 v1.3d Float enhancements (AL)
\c@float@type=\count296
\float@exts=\toks25
\float@box=\box59
\@float@everytoks=\toks26
\@floatcapt=\box60
) (d:/app/2024/texmf-dist/tex/latex/l3backend/l3backend-pdftex.def
File: l3backend-pdftex.def 2024-02-20 L3 backend support: PDF output (pdfTeX)
\l__color_backend_stack_int=\count297
\l__pdf_internal_box=\box61
) (./main.aux)
\openout1 = `main.aux'.

LaTeX Font Info:    Checking defaults for OML/cmm/m/it on input line 21.
LaTeX Font Info:    ... okay on input line 21.
LaTeX Font Info:    Checking defaults for OMS/cmsy/m/n on input line 21.
LaTeX Font Info:    ... okay on input line 21.
LaTeX Font Info:    Checking defaults for OT1/cmr/m/n on input line 21.
LaTeX Font Info:    ... okay on input line 21.
LaTeX Font Info:    Checking defaults for T1/cmr/m/n on input line 21.
LaTeX Font Info:    ... okay on input line 21.
LaTeX Font Info:    Checking defaults for TS1/cmr/m/n on input line 21.
LaTeX Font Info:    ... okay on input line 21.
LaTeX Font Info:    Checking defaults for OMX/cmex/m/n on input line 21.
LaTeX Font Info:    ... okay on input line 21.
LaTeX Font Info:    Checking defaults for U/cmr/m/n on input line 21.
LaTeX Font Info:    ... okay on input line 21.
 (d:/app/2024/texmf-dist/tex/context/base/mkii/supp-pdf.mkii
[Loading MPS to PDF converter (version 2006.09.02).]
\scratchcounter=\count298
\scratchdimen=\dimen189
\scratchbox=\box62
\nofMPsegments=\count299
\nofMParguments=\count300
\everyMPshowfont=\toks27
\MPscratchCnt=\count301
\MPscratchDim=\dimen190
\MPnumerator=\count302
\makeMPintoPDFobject=\count303
\everyMPtoPDFconversion=\toks28
) (d:/app/2024/texmf-dist/tex/latex/epstopdf-pkg/epstopdf-base.sty
Package: epstopdf-base 2020-01-24 v2.11 Base part for package epstopdf
Package epstopdf-base Info: Redefining graphics rule for `.eps' on input line 485.
 (d:/app/2024/texmf-dist/tex/latex/latexconfig/epstopdf-sys.cfg
File: epstopdf-sys.cfg 2010/07/13 v1.3 Configuration of (r)epstopdf for TeX Live
))
Package color Info: Redefining color nblue on input line 34.
Package color Info: Redefining color mblue on input line 34.
LaTeX Font Info:    Trying to load font information for OT1+phv on input line 34.
 (d:/app/2024/texmf-dist/tex/latex/psnfss/ot1phv.fd
File: ot1phv.fd 2020/03/25 scalable font definitions for OT1/phv.
)
LaTeX Font Info:    Calculating math sizes for size <11> on input line 34.
LaTeX Font Info:    Trying to load font information for U+msa on input line 34.
 (d:/app/2024/texmf-dist/tex/latex/amsfonts/umsa.fd
File: umsa.fd 2013/01/14 v3.01 AMS symbols A
)
LaTeX Font Info:    Trying to load font information for U+msb on input line 34.
 (d:/app/2024/texmf-dist/tex/latex/amsfonts/umsb.fd
File: umsb.fd 2013/01/14 v3.01 AMS symbols B
)
Package color Info: Redefining color nblue on input line 34.
Package color Info: Redefining color mblue on input line 34.
Package color Info: Redefining color nblue on input line 36.
Package color Info: Redefining color mblue on input line 36.
LaTeX Font Info:    Font shape `OT1/phv/b/it' in size <9> not available
(Font)              Font shape `OT1/phv/b/sl' tried instead on input line 36.

Underfull \hbox (badness 2073) in paragraph at lines 36--38
[]\OT1/phv/b/sl/9 Abstract\OT1/phv/b/n/9 ---[]As cir-cu-lar non-coding RNA (cir-cRNA) is
 []

Package color Info: Redefining color nblue on input line 40.
Package color Info: Redefining color mblue on input line 40.
LaTeX Font Info:    Trying to load font information for T1+phv on input line 44.
(d:/app/2024/texmf-dist/tex/latex/psnfss/t1phv.fd
File: t1phv.fd 2020/03/25 scalable font definitions for T1/phv.
)
Package epstopdf Info: Source file: <LOGO-generic-web.eps>
(epstopdf)                    date: 2023-05-05 03:10:48
(epstopdf)                    size: 96860 bytes
(epstopdf)             Output file: <LOGO-generic-web-eps-converted-to.pdf>
(epstopdf)                    date: 2025-02-27 10:32:17
(epstopdf)                    size: 4646 bytes
(epstopdf)             Command: <repstopdf --outfile=LOGO-generic-web-eps-converted-to.pdf LOGO-generic-web.eps>
(epstopdf)             \includegraphics on input line 52.
Package epstopdf Info: Output file is already uptodate.
<LOGO-generic-web-eps-converted-to.pdf, id=1, 55.20625pt x 34.1275pt>
File: LOGO-generic-web-eps-converted-to.pdf Graphic file (type pdf)
<use LOGO-generic-web-eps-converted-to.pdf>
Package pdftex.def Info: LOGO-generic-web-eps-converted-to.pdf  used on input line 52.
(pdftex.def)             Requested size: 48.0pt x 29.674pt.

Overfull \hbox (259.0pt too wide) has occurred while \output is active
[][] 
 []


Overfull \hbox (12.0pt too wide) has occurred while \output is active
[] [] [] 
 []


Underfull \hbox (badness 10000) has occurred while \output is active
[]
 []


Overfull \vbox (25.674pt too high) has occurred while \output is active []

 [1{d:/app/2024/texmf-var/fonts/map/pdftex/updmap/pdftex.map}{d:/app/2024/texmf-dist/fonts/enc/dvips/base/8r.enc}


 <./LOGO-generic-web-eps-converted-to.pdf>]
Underfull \hbox (badness 7168) in paragraph at lines 63--64
[]\OT1/ptm/m/n/10 We pro-pose a novel as-so-ci-a-tion pre-dic-tion model,
 []


Underfull \hbox (badness 10000) in paragraph at lines 63--64
\OT1/ptm/b/n/10 m\OT1/ptm/m/n/10 ulti-scale neigh-bor topology-guided trans-former with
 []



pdfTeX warning: pdflatex.exe (file ./fig/visio1.pdf): PDF inclusion: found PDF version <1.7>, but at most version <1.5> allowed
<fig/visio1.pdf, id=17, 1653.89893pt x 1158.84947pt>
File: fig/visio1.pdf Graphic file (type pdf)
<use fig/visio1.pdf>
Package pdftex.def Info: fig/visio1.pdf  used on input line 76.
(pdftex.def)             Requested size: 498.66255pt x 349.39041pt.

Overfull \vbox (5.0pt too high) has occurred while \output is active []

 [2]
LaTeX Font Info:    Font shape `OT1/phv/m/it' in size <10> not available
(Font)              Font shape `OT1/phv/m/sl' tried instead on input line 85.


pdfTeX warning: pdflatex.exe (file ./fig/visio2.pdf): PDF inclusion: found PDF version <1.7>, but at most version <1.5> allowed
<fig/visio2.pdf, id=22, 902.77278pt x 583.21887pt>
File: fig/visio2.pdf Graphic file (type pdf)
<use fig/visio2.pdf>
Package pdftex.def Info: fig/visio2.pdf  used on input line 94.
(pdftex.def)             Requested size: 361.34999pt x 233.4436pt.

Overfull \hbox (1.14925pt too wide) detected at line 109
[]\OML/cmm/m/it/10 H \OT1/cmr/m/n/10 = []
 []


Underfull \hbox (badness 3965) in paragraph at lines 109--112
\OT1/ptm/m/n/10 where $\OML/cmm/m/it/10 H[]$\OT1/ptm/m/n/10 , $\OML/cmm/m/it/10 H[]$\OT1/ptm/m/n/10 , and $\OML/cmm/m/it/10 H[]$ \OT1/ptm/m/n/10 de-note the
 []

LaTeX Font Info:    Font shape `OT1/phv/m/it' in size <7> not available
(Font)              Font shape `OT1/phv/m/sl' tried instead on input line 112.

Overfull \vbox (5.0pt too high) has occurred while \output is active []

 [3

pdfTeX warning: pdflatex.exe: pop empty color page stack 0


pdfTeX warning: pdflatex.exe: pop empty color page stack 0


pdfTeX warning: pdflatex.exe: pop empty color page stack 0


pdfTeX warning: pdflatex.exe: pop empty color page stack 0


pdfTeX warning: pdflatex.exe: pop empty color page stack 0
 <./fig/visio1.pdf>]

pdfTeX warning: pdflatex.exe (file ./fig/visio3.pdf): PDF inclusion: found PDF version <1.7>, but at most version <1.5> allowed
<fig/visio3.pdf, id=103, 725.47035pt x 483.60674pt>
File: fig/visio3.pdf Graphic file (type pdf)
<use fig/visio3.pdf>
Package pdftex.def Info: fig/visio3.pdf  used on input line 152.
(pdftex.def)             Requested size: 252.94499pt x 168.61551pt.

Overfull \hbox (0.94499pt too wide) in paragraph at lines 152--152
 [][] 
 []


Overfull \vbox (5.0pt too high) has occurred while \output is active []

 [4 <./fig/visio2.pdf>]
Overfull \vbox (5.0pt too high) has occurred while \output is active []

 [5

pdfTeX warning: pdflatex.exe: pop empty color page stack 0


pdfTeX warning: pdflatex.exe: pop empty color page stack 0


pdfTeX warning: pdflatex.exe: pop empty color page stack 0
 <./fig/visio3.pdf>]

pdfTeX warning: pdflatex.exe (file ./fig/visio4.pdf): PDF inclusion: found PDF version <1.7>, but at most version <1.5> allowed
<fig/visio4.pdf, id=214, 668.61795pt x 369.7815pt>
File: fig/visio4.pdf Graphic file (type pdf)
<use fig/visio4.pdf>
Package pdftex.def Info: fig/visio4.pdf  used on input line 240.
(pdftex.def)             Requested size: 252.94499pt x 139.8921pt.

Overfull \hbox (0.94499pt too wide) in paragraph at lines 240--240
 [][] 
 []

LaTeX Font Info:    Font shape `OT1/phv/m/it' in size <9> not available
(Font)              Font shape `OT1/phv/m/sl' tried instead on input line 255.

Overfull \vbox (5.0pt too high) has occurred while \output is active []

 [6

pdfTeX warning: pdflatex.exe: pop empty color page stack 0


pdfTeX warning: pdflatex.exe: pop empty color page stack 0


pdfTeX warning: pdflatex.exe: pop empty color page stack 0
 <./fig/visio4.pdf>]
LaTeX Font Info:    Trying to load font information for OMS+ptm on input line 324.
 (d:/app/2024/texmf-dist/tex/latex/psnfss/omsptm.fd
File: omsptm.fd 
)
LaTeX Font Info:    Font shape `OMS/ptm/m/n' in size <10> not available
(Font)              Font shape `OMS/cmsy/m/n' tried instead on input line 324.

Overfull \vbox (5.0pt too high) has occurred while \output is active []

 [7]
\width=\dimen191
\width=\dimen192
\width=\dimen193

Overfull \hbox (6.61908pt too wide) in paragraph at lines 384--384
 []|\OT1/ptm/m/n/8 0.917| 
 []


Overfull \hbox (5.76553pt too wide) in paragraph at lines 384--384
 []|\OT1/ptm/m/n/8 0.931| 
 []


Overfull \hbox (5.76553pt too wide) in paragraph at lines 384--384
 []|\OT1/ptm/m/n/8 0.929| 
 []


Overfull \hbox (5.76553pt too wide) in paragraph at lines 384--384
 []|\OT1/ptm/m/n/8 0.932| 
 []


Overfull \hbox (5.76553pt too wide) in paragraph at lines 384--384
 []|\OT1/ptm/m/n/8 0.937| 
 []


Overfull \hbox (5.76553pt too wide) in paragraph at lines 384--384
 []|\OT1/ptm/m/n/8 0.940| 
 []


Overfull \hbox (5.76553pt too wide) in paragraph at lines 384--384
 []|\OT1/ptm/b/n/8 0.946| 
 []


Overfull \hbox (6.61908pt too wide) in paragraph at lines 384--384
 []|\OT1/ptm/m/n/8 0.940| 
 []


Overfull \hbox (5.76553pt too wide) in paragraph at lines 384--385
 []|\OT1/ptm/m/n/8 0.939| 
 []


Overfull \hbox (0.97905pt too wide) in paragraph at lines 385--385
 []|\OT1/ptm/m/n/8 AUPR| 
 []


Overfull \hbox (6.61908pt too wide) in paragraph at lines 385--385
 []|\OT1/ptm/m/n/8 0.221| 
 []


Overfull \hbox (5.76553pt too wide) in paragraph at lines 385--385
 []|\OT1/ptm/m/n/8 0.235| 
 []


Overfull \hbox (5.76553pt too wide) in paragraph at lines 385--385
 []|\OT1/ptm/m/n/8 0.232| 
 []


Overfull \hbox (5.76553pt too wide) in paragraph at lines 385--385
 []|\OT1/ptm/m/n/8 0.240| 
 []


Overfull \hbox (5.76553pt too wide) in paragraph at lines 385--385
 []|\OT1/ptm/m/n/8 0.241| 
 []


Overfull \hbox (5.76553pt too wide) in paragraph at lines 385--385
 []|\OT1/ptm/m/n/8 0.254| 
 []


Overfull \hbox (5.76553pt too wide) in paragraph at lines 385--385
 []|\OT1/ptm/b/n/8 0.267| 
 []


Overfull \hbox (6.61908pt too wide) in paragraph at lines 385--385
 []|\OT1/ptm/m/n/8 0.250| 
 []


Overfull \hbox (5.76553pt too wide) in paragraph at lines 385--386
 []|\OT1/ptm/m/n/8 0.242| 
 []


Overfull \vbox (5.0pt too high) has occurred while \output is active []

 [8]
\width=\dimen194

Overfull \hbox (3.83813pt too wide) in paragraph at lines 420--420
 []|\OT1/ptm/m/n/8 MKCD[]noKAN| 
 []


Overfull \hbox (2.9604pt too wide) in paragraph at lines 420--420
 []|\OT1/ptm/m/n/8 MKCD[]Att| 
 []


Overfull \hbox (3.22708pt too wide) in paragraph at lines 420--421
 []|\OT1/ptm/m/n/8 MKCD[]Con| 
 []

<fig/roc_pr_split.pdf, id=269, 2023.56pt x 1445.4pt>
File: fig/roc_pr_split.pdf Graphic file (type pdf)
<use fig/roc_pr_split.pdf>
Package pdftex.def Info: fig/roc_pr_split.pdf  used on input line 437.
(pdftex.def)             Requested size: 448.07378pt x 320.0401pt.
\width=\dimen195
\width=\dimen196

Overfull \vbox (5.0pt too high) has occurred while \output is active []

 [9]
<fig/TopK_Recall.pdf, id=273, 971.75235pt x 584.4052pt>
File: fig/TopK_Recall.pdf Graphic file (type pdf)
<use fig/TopK_Recall.pdf>
Package pdftex.def Info: fig/TopK_Recall.pdf  used on input line 506.
(pdftex.def)             Requested size: 361.34999pt x 217.31444pt.

Overfull \vbox (5.0pt too high) has occurred while \output is active []

 [10 <./fig/roc_pr_split.pdf>]
Underfull \vbox (badness 10000) has occurred while \output is active []

\width=\dimen197

Underfull \vbox (badness 10000) has occurred while \output is active []


Overfull \vbox (5.0pt too high) has occurred while \output is active []

 [11 <./fig/TopK_Recall.pdf>]
\width=\dimen198
\width=\dimen199
\width=\dimen256

Underfull \hbox (badness 1448) in paragraph at lines 632--633
\OT1/ptm/m/n/10 a po-ten-tial biomarker for sys-temic lu-pus ery-the-mato-sus.
 []

(./main.bbl
Overfull \vbox (5.0pt too high) has occurred while \output is active []

 [12]
Underfull \hbox (badness 3354) in paragraph at lines 30--31
[]\OT1/ptm/m/n/8 S. Gao, Y. Yu, L. Liu, J. Meng, and G. Li, ``Cir-cu-lar rna
 []


Overfull \vbox (5.0pt too high) has occurred while \output is active []

 [13]
Overfull \vbox (5.0pt too high) has occurred while \output is active []

 [14])
Overfull \vbox (5.0pt too high) has occurred while \output is active []

 [15

] (./main.aux)
 ***********
LaTeX2e <2023-11-01> patch level 1
L3 programming layer <2024-02-20>
 ***********
 ) 
Here is how much of TeX's memory you used:
 5001 strings out of 476023
 77985 string characters out of 5792137
 1978190 words of memory out of 5000000
 27006 multiletter control sequences out of 15000+600000
 635923 words of font info for 168 fonts, out of 8000000 for 9000
 36 hyphenation exceptions out of 8191
 57i,19n,75p,2339b,459s stack positions out of 10000i,1000n,20000p,200000b,200000s
<d:/app/2024/texmf-dist/fonts/type1/public/amsfonts/cm/cmbx6.pfb><d:/app/2024/texmf-dist/fonts/type1/public/amsfonts/cm/cmex10.pfb><d:/app/2024/texmf-dist/fonts/type1/public/amsfonts/cm/cmmi10.pfb><d:/app/2024/texmf-dist/fonts/type1/public/amsfonts/cm/cmmi5.pfb><d:/app/2024/texmf-dist/fonts/type1/public/amsfonts/cm/cmmi6.pfb><d:/app/2024/texmf-dist/fonts/type1/public/amsfonts/cm/cmmi7.pfb><d:/app/2024/texmf-dist/fonts/type1/public/amsfonts/cm/cmmi8.pfb><d:/app/2024/texmf-dist/fonts/type1/public/amsfonts/cmextra/cmmib8.pfb><d:/app/2024/texmf-dist/fonts/type1/public/amsfonts/cm/cmr10.pfb><d:/app/2024/texmf-dist/fonts/type1/public/amsfonts/cm/cmr5.pfb><d:/app/2024/texmf-dist/fonts/type1/public/amsfonts/cm/cmr7.pfb><d:/app/2024/texmf-dist/fonts/type1/public/amsfonts/cm/cmsy10.pfb><d:/app/2024/texmf-dist/fonts/type1/public/amsfonts/cm/cmsy5.pfb><d:/app/2024/texmf-dist/fonts/type1/public/amsfonts/cm/cmsy7.pfb><d:/app/2024/texmf-dist/fonts/type1/public/amsfonts/cm/cmsy8.pfb><d:/app/2024/texmf-dist/fonts/type1/public/amsfonts/symbols/msam10.pfb><d:/app/2024/texmf-dist/fonts/type1/public/amsfonts/symbols/msam7.pfb><d:/app/2024/texmf-dist/fonts/type1/public/amsfonts/symbols/msbm10.pfb><d:/app/2024/texmf-dist/fonts/type1/urw/helvetic/uhvb8a.pfb><d:/app/2024/texmf-dist/fonts/type1/urw/helvetic/uhvbo8a.pfb><d:/app/2024/texmf-dist/fonts/type1/urw/helvetic/uhvr8a.pfb><d:/app/2024/texmf-dist/fonts/type1/urw/helvetic/uhvro8a.pfb><d:/app/2024/texmf-dist/fonts/type1/urw/times/utmb8a.pfb><d:/app/2024/texmf-dist/fonts/type1/urw/times/utmr8a.pfb><d:/app/2024/texmf-dist/fonts/type1/urw/times/utmri8a.pfb><d:/app/2024/texmf-dist/fonts/type1/urw/zapfding/uzdr.pfb>
Output written on main.pdf (15 pages, 809849 bytes).
PDF statistics:
 497 PDF objects out of 1000 (max. 8388607)
 217 compressed objects within 3 object streams
 0 named destinations out of 1000 (max. 500000)
 36 words of extra memory for PDF output out of 10000 (max. 10000000)

